<?xml version="1.0" encoding="UTF-8"?>
<testsuite name="TestFactorialValues" tests="3" skipped="0" failures="0" errors="0" timestamp="2020-12-28T12:17:05" hostname="Henas-MacBook-Pro.local" time="0.017">
  <properties/>
  <testcase name="returnFactorial()" classname="TestFactorialValues" time="0.014"/>
  <testcase name="returnOneForValuesOneAndZero()" classname="TestFactorialValues" time="0.001"/>
  <testcase name="throwErrorForNegativeValues()" classname="TestFactorialValues" time="0.001"/>
  <system-out><![CDATA[]]></system-out>
  <system-err><![CDATA[]]></system-err>
</testsuite>
